Looking for git in: git
Using git 2.17.1 from git
> git rev-parse --git-dir
Open repository: /home/sebastiao/vscode/ProjectXadrez
> git status -z -u
> git symbolic-ref --short HEAD
> git for-each-ref --format=%(refname)%00%(upstream:short)%00%(objectname)%00%(upstream:track) refs/heads/main refs/remotes/main
> git for-each-ref --sort -committerdate --format %(refname) %(objectname) %(*objectname)
> git remote --verbose
Warning: Failed to watch ref '/home/sebastiao/vscode/ProjectXadrez/.git/refs/remotes/origin/main', is most likely packed.
> git check-ignore -v -z --stdin
> git config --get commit.template
> git check-ignore -v -z --stdin
> git check-ignore -v -z --stdin
> git show --textconv :xadrez-console/Properties/AssemblyInfo.cs
> git ls-files --stage -- /home/sebastiao/vscode/ProjectXadrez/xadrez-console/Properties/AssemblyInfo.cs
> git cat-file -s e36b61b357361d49aefec89e38c5828b3daebe0d
> git show --textconv :xadrez-console/Program.cs
> git ls-files --stage -- /home/sebastiao/vscode/ProjectXadrez/xadrez-console/Program.cs
> git cat-file -s 05d04c6330981cbef905a7ad589bd3b8325fda53
> git show --textconv :xadrez-console/Tela.cs
> git ls-files --stage -- /home/sebastiao/vscode/ProjectXadrez/xadrez-console/Tela.cs
> git cat-file -s 4b6d21d6575d866f7a0d5c1015db2f2a1cc9f545
> git show --textconv :xadrez-console/xadrez-console.csproj
> git ls-files --stage -- /home/sebastiao/vscode/ProjectXadrez/xadrez-console/xadrez-console.csproj
> git cat-file -s 808d2415c7e9e4e6740292c7a2db00ae520d8742
> git show --textconv :xadrez-console/Properties/AssemblyInfo.cs
> git ls-files --stage -- /home/sebastiao/vscode/ProjectXadrez/xadrez-console/Properties/AssemblyInfo.cs
> git cat-file -s e36b61b357361d49aefec89e38c5828b3daebe0d
> git show --textconv :xadrez-console/xadrez-console.csproj
> git ls-files --stage -- /home/sebastiao/vscode/ProjectXadrez/xadrez-console/xadrez-console.csproj
> git cat-file -s 808d2415c7e9e4e6740292c7a2db00ae520d8742
> git show --textconv :xadrez-console.sln
> git ls-files --stage -- /home/sebastiao/vscode/ProjectXadrez/xadrez-console.sln
> git cat-file -s 086be708305182103037457d32f90357826cf5df
> git check-ignore -v -z --stdin
> git check-ignore -v -z --stdin
> git check-ignore -v -z --stdin
> git show --textconv :.vscode/launch.json
> git ls-files --stage -- /home/sebastiao/vscode/ProjectXadrez/.vscode/launch.json
> git status -z -u
> git symbolic-ref --short HEAD
> git for-each-ref --format=%(refname)%00%(upstream:short)%00%(objectname)%00%(upstream:track) refs/heads/main refs/remotes/main
> git for-each-ref --sort -committerdate --format %(refname) %(objectname) %(*objectname)
> git remote --verbose
Warning: Failed to watch ref '/home/sebastiao/vscode/ProjectXadrez/.git/refs/remotes/origin/main', is most likely packed.
> git config --get commit.template
> git show --textconv :xadrez-console.sln
> git ls-files --stage -- /home/sebastiao/vscode/ProjectXadrez/xadrez-console.sln
> git cat-file -s 086be708305182103037457d32f90357826cf5df
> git show --textconv HEAD:.vscode/launch.json
> git ls-tree -l HEAD -- /home/sebastiao/vscode/ProjectXadrez/.vscode/launch.json
> git ls-tree -l HEAD -- /home/sebastiao/vscode/ProjectXadrez/.vscode/launch.json
> git show --textconv :.vscode/launch.json
> git ls-files --stage -- /home/sebastiao/vscode/ProjectXadrez/.vscode/launch.json
> git status -z -u
> git symbolic-ref --short HEAD
> git for-each-ref --format=%(refname)%00%(upstream:short)%00%(objectname)%00%(upstream:track) refs/heads/main refs/remotes/main
> git for-each-ref --sort -committerdate --format %(refname) %(objectname) %(*objectname)
> git remote --verbose
Warning: Failed to watch ref '/home/sebastiao/vscode/ProjectXadrez/.git/refs/remotes/origin/main', is most likely packed.
> git config --get commit.template
> git show --textconv :.vscode/launch.json
> git ls-files --stage -- /home/sebastiao/vscode/ProjectXadrez/.vscode/launch.json
> git status -z -u
> git symbolic-ref --short HEAD
> git for-each-ref --format=%(refname)%00%(upstream:short)%00%(objectname)%00%(upstream:track) refs/heads/main refs/remotes/main
> git for-each-ref --sort -committerdate --format %(refname) %(objectname) %(*objectname)
> git remote --verbose
Warning: Failed to watch ref '/home/sebastiao/vscode/ProjectXadrez/.git/refs/remotes/origin/main', is most likely packed.
> git config --get commit.template
> git show --textconv HEAD:.vscode/launch.json
> git ls-tree -l HEAD -- /home/sebastiao/vscode/ProjectXadrez/.vscode/launch.json
> git show --textconv :.vscode/launch.json
> git ls-files --stage -- /home/sebastiao/vscode/ProjectXadrez/.vscode/launch.json
> git clean -f -q -- /home/sebastiao/vscode/ProjectXadrez/.vscode/launch.json
> git checkout -q
> git status -z -u
> git symbolic-ref --short HEAD
> git for-each-ref --format=%(refname)%00%(upstream:short)%00%(objectname)%00%(upstream:track) refs/heads/main refs/remotes/main
> git for-each-ref --sort -committerdate --format %(refname) %(objectname) %(*objectname)
> git remote --verbose
Warning: Failed to watch ref '/home/sebastiao/vscode/ProjectXadrez/.git/refs/remotes/origin/main', is most likely packed.
> git config --get commit.template
> git status -z -u
> git symbolic-ref --short HEAD
> git for-each-ref --format=%(refname)%00%(upstream:short)%00%(objectname)%00%(upstream:track) refs/heads/main refs/remotes/main
> git for-each-ref --sort -committerdate --format %(refname) %(objectname) %(*objectname)
> git remote --verbose
Warning: Failed to watch ref '/home/sebastiao/vscode/ProjectXadrez/.git/refs/remotes/origin/main', is most likely packed.
> git config --get commit.template
> git status -z -u
> git show --textconv :.vscode/launch.json
> git ls-files --stage -- /home/sebastiao/vscode/ProjectXadrez/.vscode/launch.json
> git symbolic-ref --short HEAD
> git for-each-ref --format=%(refname)%00%(upstream:short)%00%(objectname)%00%(upstream:track) refs/heads/main refs/remotes/main
> git for-each-ref --sort -committerdate --format %(refname) %(objectname) %(*objectname)
> git remote --verbose
Warning: Failed to watch ref '/home/sebastiao/vscode/ProjectXadrez/.git/refs/remotes/origin/main', is most likely packed.
> git config --get commit.template
> git status -z -u
> git symbolic-ref --short HEAD
> git for-each-ref --format=%(refname)%00%(upstream:short)%00%(objectname)%00%(upstream:track) refs/heads/main refs/remotes/main
> git for-each-ref --sort -committerdate --format %(refname) %(objectname) %(*objectname)
> git remote --verbose
Warning: Failed to watch ref '/home/sebastiao/vscode/ProjectXadrez/.git/refs/remotes/origin/main', is most likely packed.
> git config --get commit.template
> git clean -f -q -- /home/sebastiao/vscode/ProjectXadrez/.vscode/launch.json
> git checkout -q
> git status -z -u
> git symbolic-ref --short HEAD
> git for-each-ref --format=%(refname)%00%(upstream:short)%00%(objectname)%00%(upstream:track) refs/heads/main refs/remotes/main
> git for-each-ref --sort -committerdate --format %(refname) %(objectname) %(*objectname)
> git remote --verbose
Warning: Failed to watch ref '/home/sebastiao/vscode/ProjectXadrez/.git/refs/remotes/origin/main', is most likely packed.
> git config --get commit.template
> git status -z -u
> git symbolic-ref --short HEAD
> git for-each-ref --format=%(refname)%00%(upstream:short)%00%(objectname)%00%(upstream:track) refs/heads/main refs/remotes/main
> git for-each-ref --sort -committerdate --format %(refname) %(objectname) %(*objectname)
> git remote --verbose
Warning: Failed to watch ref '/home/sebastiao/vscode/ProjectXadrez/.git/refs/remotes/origin/main', is most likely packed.
> git config --get commit.template
