[2021-06-09 16:04:06.720] [renderer1] [error] No authentication provider 'github' is currently registered.: Error: No authentication provider 'github' is currently registered.
    at A.getSessions (file:///usr/share/code/resources/app/out/vs/workbench/workbench.desktop.main.js:1946:40247)
    at async c (file:///usr/share/code/resources/app/out/vs/workbench/workbench.desktop.main.js:2122:3925)
[2021-06-09 16:04:06.884] [renderer1] [error] No authentication provider 'github' is currently registered.: Error: No authentication provider 'github' is currently registered.
    at A.getSessions (file:///usr/share/code/resources/app/out/vs/workbench/workbench.desktop.main.js:1946:40247)
    at async vi.getAccounts (file:///usr/share/code/resources/app/out/vs/workbench/workbench.desktop.main.js:2189:10577)
    at async vi.update (file:///usr/share/code/resources/app/out/vs/workbench/workbench.desktop.main.js:2189:10314)
[2021-06-09 16:22:26.702] [renderer1] [error] Cannot read property 'selection' of undefined: TypeError: Cannot read property 'selection' of undefined
    at CodeActionProvider.getInitializeFromCtorCommand (/home/sebastiao/.vscode/extensions/jchannon.csharpextensions-1.3.1/out/src/codeActionProvider.js:165:33)
    at addInitalizeFromCtor (/home/sebastiao/.vscode/extensions/jchannon.csharpextensions-1.3.1/out/src/codeActionProvider.js:15:28)
    at CodeActionProvider.provideCodeActions (/home/sebastiao/.vscode/extensions/jchannon.csharpextensions-1.3.1/out/src/codeActionProvider.js:19:9)
    at /usr/share/code/resources/app/out/vs/workbench/services/extensions/node/extensionHostProcess.js:87:163540
    at /usr/share/code/resources/app/out/vs/workbench/services/extensions/node/extensionHostProcess.js:64:12043
    at new Promise (<anonymous>:null:null)
    at m (/usr/share/code/resources/app/out/vs/workbench/services/extensions/node/extensionHostProcess.js:64:12015)
    at R.provideCodeActions (/usr/share/code/resources/app/out/vs/workbench/services/extensions/node/extensionHostProcess.js:87:163520)
    at /usr/share/code/resources/app/out/vs/workbench/services/extensions/node/extensionHostProcess.js:87:186624
    at Ce._withAdapter (/usr/share/code/resources/app/out/vs/workbench/services/extensions/node/extensionHostProcess.js:87:180570)
    at Ce.$provideCodeActions (/usr/share/code/resources/app/out/vs/workbench/services/extensions/node/extensionHostProcess.js:87:186600)
    at l._doInvokeHandler (/usr/share/code/resources/app/out/vs/workbench/services/extensions/node/extensionHostProcess.js:91:12836)
    at l._invokeHandler (/usr/share/code/resources/app/out/vs/workbench/services/extensions/node/extensionHostProcess.js:91:12520)
    at l._receiveRequest (/usr/share/code/resources/app/out/vs/workbench/services/extensions/node/extensionHostProcess.js:91:11136)
    at l._receiveOneMessage (/usr/share/code/resources/app/out/vs/workbench/services/extensions/node/extensionHostProcess.js:91:9973)
    at /usr/share/code/resources/app/out/vs/workbench/services/extensions/node/extensionHostProcess.js:91:8074
    at fire (/usr/share/code/resources/app/out/vs/workbench/services/extensions/node/extensionHostProcess.js:57:1836)
    at S.fire (/usr/share/code/resources/app/out/vs/workbench/services/extensions/node/extensionHostProcess.js:65:15497)
    at /usr/share/code/resources/app/out/vs/workbench/services/extensions/node/extensionHostProcess.js:106:29764
    at fire (/usr/share/code/resources/app/out/vs/workbench/services/extensions/node/extensionHostProcess.js:57:1836)
    at S.fire (/usr/share/code/resources/app/out/vs/workbench/services/extensions/node/extensionHostProcess.js:65:15497)
    at t._receiveMessage (/usr/share/code/resources/app/out/vs/workbench/services/extensions/node/extensionHostProcess.js:65:20755)
    at /usr/share/code/resources/app/out/vs/workbench/services/extensions/node/extensionHostProcess.js:65:17641
    at fire (/usr/share/code/resources/app/out/vs/workbench/services/extensions/node/extensionHostProcess.js:57:1836)
    at acceptChunk (/usr/share/code/resources/app/out/vs/workbench/services/extensions/node/extensionHostProcess.js:65:12862)
    at /usr/share/code/resources/app/out/vs/workbench/services/extensions/node/extensionHostProcess.js:65:12210
    at Socket.v (/usr/share/code/resources/app/out/vs/workbench/services/extensions/node/extensionHostProcess.js:106:13195)
    at Socket.emit (events.js:315:20)
    at addChunk (internal/streams/readable.js:309:12)
    at readableAddChunk (internal/streams/readable.js:284:9)
    at Socket.Readable.push (internal/streams/readable.js:223:10)
    at Pipe.onStreamRead (internal/stream_base_commons.js:188:23)

[2021-06-09 16:22:38.780] [renderer1] [error] Cannot read property 'selection' of undefined: TypeError: Cannot read property 'selection' of undefined
    at CodeActionProvider.getInitializeFromCtorCommand (/home/sebastiao/.vscode/extensions/jchannon.csharpextensions-1.3.1/out/src/codeActionProvider.js:165:33)
    at addInitalizeFromCtor (/home/sebastiao/.vscode/extensions/jchannon.csharpextensions-1.3.1/out/src/codeActionProvider.js:15:28)
    at CodeActionProvider.provideCodeActions (/home/sebastiao/.vscode/extensions/jchannon.csharpextensions-1.3.1/out/src/codeActionProvider.js:19:9)
    at /usr/share/code/resources/app/out/vs/workbench/services/extensions/node/extensionHostProcess.js:87:163540
    at /usr/share/code/resources/app/out/vs/workbench/services/extensions/node/extensionHostProcess.js:64:12043
    at new Promise (<anonymous>:null:null)
    at m (/usr/share/code/resources/app/out/vs/workbench/services/extensions/node/extensionHostProcess.js:64:12015)
    at R.provideCodeActions (/usr/share/code/resources/app/out/vs/workbench/services/extensions/node/extensionHostProcess.js:87:163520)
    at /usr/share/code/resources/app/out/vs/workbench/services/extensions/node/extensionHostProcess.js:87:186624
    at Ce._withAdapter (/usr/share/code/resources/app/out/vs/workbench/services/extensions/node/extensionHostProcess.js:87:180570)
    at Ce.$provideCodeActions (/usr/share/code/resources/app/out/vs/workbench/services/extensions/node/extensionHostProcess.js:87:186600)
    at l._doInvokeHandler (/usr/share/code/resources/app/out/vs/workbench/services/extensions/node/extensionHostProcess.js:91:12836)
    at l._invokeHandler (/usr/share/code/resources/app/out/vs/workbench/services/extensions/node/extensionHostProcess.js:91:12520)
    at l._receiveRequest (/usr/share/code/resources/app/out/vs/workbench/services/extensions/node/extensionHostProcess.js:91:11136)
    at l._receiveOneMessage (/usr/share/code/resources/app/out/vs/workbench/services/extensions/node/extensionHostProcess.js:91:9973)
    at /usr/share/code/resources/app/out/vs/workbench/services/extensions/node/extensionHostProcess.js:91:8074
    at fire (/usr/share/code/resources/app/out/vs/workbench/services/extensions/node/extensionHostProcess.js:57:1836)
    at S.fire (/usr/share/code/resources/app/out/vs/workbench/services/extensions/node/extensionHostProcess.js:65:15497)
    at /usr/share/code/resources/app/out/vs/workbench/services/extensions/node/extensionHostProcess.js:106:29764
    at fire (/usr/share/code/resources/app/out/vs/workbench/services/extensions/node/extensionHostProcess.js:57:1836)
    at S.fire (/usr/share/code/resources/app/out/vs/workbench/services/extensions/node/extensionHostProcess.js:65:15497)
    at t._receiveMessage (/usr/share/code/resources/app/out/vs/workbench/services/extensions/node/extensionHostProcess.js:65:20755)
    at /usr/share/code/resources/app/out/vs/workbench/services/extensions/node/extensionHostProcess.js:65:17641
    at fire (/usr/share/code/resources/app/out/vs/workbench/services/extensions/node/extensionHostProcess.js:57:1836)
    at acceptChunk (/usr/share/code/resources/app/out/vs/workbench/services/extensions/node/extensionHostProcess.js:65:12862)
    at /usr/share/code/resources/app/out/vs/workbench/services/extensions/node/extensionHostProcess.js:65:12210
    at Socket.v (/usr/share/code/resources/app/out/vs/workbench/services/extensions/node/extensionHostProcess.js:106:13195)
    at Socket.emit (events.js:315:20)
    at addChunk (internal/streams/readable.js:309:12)
    at readableAddChunk (internal/streams/readable.js:284:9)
    at Socket.Readable.push (internal/streams/readable.js:223:10)
    at Pipe.onStreamRead (internal/stream_base_commons.js:188:23)

[2021-06-09 16:28:27.922] [renderer1] [error] Illegal argument: line must be non-negative: Error: Illegal argument: line must be non-negative
    at C (/usr/share/code/resources/app/out/vs/workbench/services/extensions/node/extensionHostProcess.js:5:1232)
    at new E (/usr/share/code/resources/app/out/vs/workbench/services/extensions/node/extensionHostProcess.js:76:13933)
    at new E (/usr/share/code/resources/app/out/vs/workbench/services/extensions/node/extensionHostProcess.js:76:13328)
    at CodeActionProvider.getInitializeFromCtorCommand (/home/sebastiao/.vscode/extensions/jchannon.csharpextensions-1.3.1/out/src/codeActionProvider.js:166:61)
    at addInitalizeFromCtor (/home/sebastiao/.vscode/extensions/jchannon.csharpextensions-1.3.1/out/src/codeActionProvider.js:15:28)
    at CodeActionProvider.provideCodeActions (/home/sebastiao/.vscode/extensions/jchannon.csharpextensions-1.3.1/out/src/codeActionProvider.js:19:9)
    at /usr/share/code/resources/app/out/vs/workbench/services/extensions/node/extensionHostProcess.js:87:163540
    at /usr/share/code/resources/app/out/vs/workbench/services/extensions/node/extensionHostProcess.js:64:12043
    at new Promise (<anonymous>:null:null)
    at m (/usr/share/code/resources/app/out/vs/workbench/services/extensions/node/extensionHostProcess.js:64:12015)
    at R.provideCodeActions (/usr/share/code/resources/app/out/vs/workbench/services/extensions/node/extensionHostProcess.js:87:163520)
    at /usr/share/code/resources/app/out/vs/workbench/services/extensions/node/extensionHostProcess.js:87:186624
    at Ce._withAdapter (/usr/share/code/resources/app/out/vs/workbench/services/extensions/node/extensionHostProcess.js:87:180570)
    at Ce.$provideCodeActions (/usr/share/code/resources/app/out/vs/workbench/services/extensions/node/extensionHostProcess.js:87:186600)
    at l._doInvokeHandler (/usr/share/code/resources/app/out/vs/workbench/services/extensions/node/extensionHostProcess.js:91:12836)
    at l._invokeHandler (/usr/share/code/resources/app/out/vs/workbench/services/extensions/node/extensionHostProcess.js:91:12520)
    at l._receiveRequest (/usr/share/code/resources/app/out/vs/workbench/services/extensions/node/extensionHostProcess.js:91:11136)
    at l._receiveOneMessage (/usr/share/code/resources/app/out/vs/workbench/services/extensions/node/extensionHostProcess.js:91:9973)
    at /usr/share/code/resources/app/out/vs/workbench/services/extensions/node/extensionHostProcess.js:91:8074
    at fire (/usr/share/code/resources/app/out/vs/workbench/services/extensions/node/extensionHostProcess.js:57:1836)
    at S.fire (/usr/share/code/resources/app/out/vs/workbench/services/extensions/node/extensionHostProcess.js:65:15497)
    at /usr/share/code/resources/app/out/vs/workbench/services/extensions/node/extensionHostProcess.js:106:29764
    at fire (/usr/share/code/resources/app/out/vs/workbench/services/extensions/node/extensionHostProcess.js:57:1836)
    at S.fire (/usr/share/code/resources/app/out/vs/workbench/services/extensions/node/extensionHostProcess.js:65:15497)
    at t._receiveMessage (/usr/share/code/resources/app/out/vs/workbench/services/extensions/node/extensionHostProcess.js:65:20755)
    at /usr/share/code/resources/app/out/vs/workbench/services/extensions/node/extensionHostProcess.js:65:17641
    at fire (/usr/share/code/resources/app/out/vs/workbench/services/extensions/node/extensionHostProcess.js:57:1836)
    at acceptChunk (/usr/share/code/resources/app/out/vs/workbench/services/extensions/node/extensionHostProcess.js:65:12862)
    at /usr/share/code/resources/app/out/vs/workbench/services/extensions/node/extensionHostProcess.js:65:12210
    at Socket.v (/usr/share/code/resources/app/out/vs/workbench/services/extensions/node/extensionHostProcess.js:106:13195)
    at Socket.emit (events.js:315:20)
    at addChunk (internal/streams/readable.js:309:12)
    at readableAddChunk (internal/streams/readable.js:284:9)
    at Socket.Readable.push (internal/streams/readable.js:223:10)
    at Pipe.onStreamRead (internal/stream_base_commons.js:188:23)

[2021-06-09 16:39:20.067] [renderer1] [error] Cannot read property 'selection' of undefined: TypeError: Cannot read property 'selection' of undefined
    at CodeActionProvider.getInitializeFromCtorCommand (/home/sebastiao/.vscode/extensions/jchannon.csharpextensions-1.3.1/out/src/codeActionProvider.js:165:33)
    at addInitalizeFromCtor (/home/sebastiao/.vscode/extensions/jchannon.csharpextensions-1.3.1/out/src/codeActionProvider.js:15:28)
    at CodeActionProvider.provideCodeActions (/home/sebastiao/.vscode/extensions/jchannon.csharpextensions-1.3.1/out/src/codeActionProvider.js:19:9)
    at /usr/share/code/resources/app/out/vs/workbench/services/extensions/node/extensionHostProcess.js:87:163540
    at /usr/share/code/resources/app/out/vs/workbench/services/extensions/node/extensionHostProcess.js:64:12043
    at new Promise (<anonymous>:null:null)
    at m (/usr/share/code/resources/app/out/vs/workbench/services/extensions/node/extensionHostProcess.js:64:12015)
    at R.provideCodeActions (/usr/share/code/resources/app/out/vs/workbench/services/extensions/node/extensionHostProcess.js:87:163520)
    at /usr/share/code/resources/app/out/vs/workbench/services/extensions/node/extensionHostProcess.js:87:186624
    at Ce._withAdapter (/usr/share/code/resources/app/out/vs/workbench/services/extensions/node/extensionHostProcess.js:87:180570)
    at Ce.$provideCodeActions (/usr/share/code/resources/app/out/vs/workbench/services/extensions/node/extensionHostProcess.js:87:186600)
    at l._doInvokeHandler (/usr/share/code/resources/app/out/vs/workbench/services/extensions/node/extensionHostProcess.js:91:12836)
    at l._invokeHandler (/usr/share/code/resources/app/out/vs/workbench/services/extensions/node/extensionHostProcess.js:91:12520)
    at l._receiveRequest (/usr/share/code/resources/app/out/vs/workbench/services/extensions/node/extensionHostProcess.js:91:11136)
    at l._receiveOneMessage (/usr/share/code/resources/app/out/vs/workbench/services/extensions/node/extensionHostProcess.js:91:9973)
    at /usr/share/code/resources/app/out/vs/workbench/services/extensions/node/extensionHostProcess.js:91:8074
    at fire (/usr/share/code/resources/app/out/vs/workbench/services/extensions/node/extensionHostProcess.js:57:1836)
    at S.fire (/usr/share/code/resources/app/out/vs/workbench/services/extensions/node/extensionHostProcess.js:65:15497)
    at /usr/share/code/resources/app/out/vs/workbench/services/extensions/node/extensionHostProcess.js:106:29764
    at fire (/usr/share/code/resources/app/out/vs/workbench/services/extensions/node/extensionHostProcess.js:57:1836)
    at S.fire (/usr/share/code/resources/app/out/vs/workbench/services/extensions/node/extensionHostProcess.js:65:15497)
    at t._receiveMessage (/usr/share/code/resources/app/out/vs/workbench/services/extensions/node/extensionHostProcess.js:65:20755)
    at /usr/share/code/resources/app/out/vs/workbench/services/extensions/node/extensionHostProcess.js:65:17641
    at fire (/usr/share/code/resources/app/out/vs/workbench/services/extensions/node/extensionHostProcess.js:57:1836)
    at acceptChunk (/usr/share/code/resources/app/out/vs/workbench/services/extensions/node/extensionHostProcess.js:65:12862)
    at /usr/share/code/resources/app/out/vs/workbench/services/extensions/node/extensionHostProcess.js:65:12210
    at Socket.v (/usr/share/code/resources/app/out/vs/workbench/services/extensions/node/extensionHostProcess.js:106:13195)
    at Socket.emit (events.js:315:20)
    at addChunk (internal/streams/readable.js:309:12)
    at readableAddChunk (internal/streams/readable.js:284:9)
    at Socket.Readable.push (internal/streams/readable.js:223:10)
    at Pipe.onStreamRead (internal/stream_base_commons.js:188:23)

[2021-06-09 16:39:20.198] [renderer1] [error] Illegal argument: line must be non-negative: Error: Illegal argument: line must be non-negative
    at C (/usr/share/code/resources/app/out/vs/workbench/services/extensions/node/extensionHostProcess.js:5:1232)
    at new E (/usr/share/code/resources/app/out/vs/workbench/services/extensions/node/extensionHostProcess.js:76:13933)
    at new E (/usr/share/code/resources/app/out/vs/workbench/services/extensions/node/extensionHostProcess.js:76:13328)
    at CodeActionProvider.getInitializeFromCtorCommand (/home/sebastiao/.vscode/extensions/jchannon.csharpextensions-1.3.1/out/src/codeActionProvider.js:166:61)
    at addInitalizeFromCtor (/home/sebastiao/.vscode/extensions/jchannon.csharpextensions-1.3.1/out/src/codeActionProvider.js:15:28)
    at CodeActionProvider.provideCodeActions (/home/sebastiao/.vscode/extensions/jchannon.csharpextensions-1.3.1/out/src/codeActionProvider.js:19:9)
    at /usr/share/code/resources/app/out/vs/workbench/services/extensions/node/extensionHostProcess.js:87:163540
    at /usr/share/code/resources/app/out/vs/workbench/services/extensions/node/extensionHostProcess.js:64:12043
    at new Promise (<anonymous>:null:null)
    at m (/usr/share/code/resources/app/out/vs/workbench/services/extensions/node/extensionHostProcess.js:64:12015)
    at R.provideCodeActions (/usr/share/code/resources/app/out/vs/workbench/services/extensions/node/extensionHostProcess.js:87:163520)
    at /usr/share/code/resources/app/out/vs/workbench/services/extensions/node/extensionHostProcess.js:87:186624
    at Ce._withAdapter (/usr/share/code/resources/app/out/vs/workbench/services/extensions/node/extensionHostProcess.js:87:180570)
    at Ce.$provideCodeActions (/usr/share/code/resources/app/out/vs/workbench/services/extensions/node/extensionHostProcess.js:87:186600)
    at l._doInvokeHandler (/usr/share/code/resources/app/out/vs/workbench/services/extensions/node/extensionHostProcess.js:91:12836)
    at l._invokeHandler (/usr/share/code/resources/app/out/vs/workbench/services/extensions/node/extensionHostProcess.js:91:12520)
    at l._receiveRequest (/usr/share/code/resources/app/out/vs/workbench/services/extensions/node/extensionHostProcess.js:91:11136)
    at l._receiveOneMessage (/usr/share/code/resources/app/out/vs/workbench/services/extensions/node/extensionHostProcess.js:91:9973)
    at /usr/share/code/resources/app/out/vs/workbench/services/extensions/node/extensionHostProcess.js:91:8074
    at fire (/usr/share/code/resources/app/out/vs/workbench/services/extensions/node/extensionHostProcess.js:57:1836)
    at S.fire (/usr/share/code/resources/app/out/vs/workbench/services/extensions/node/extensionHostProcess.js:65:15497)
    at /usr/share/code/resources/app/out/vs/workbench/services/extensions/node/extensionHostProcess.js:106:29764
    at fire (/usr/share/code/resources/app/out/vs/workbench/services/extensions/node/extensionHostProcess.js:57:1836)
    at S.fire (/usr/share/code/resources/app/out/vs/workbench/services/extensions/node/extensionHostProcess.js:65:15497)
    at t._receiveMessage (/usr/share/code/resources/app/out/vs/workbench/services/extensions/node/extensionHostProcess.js:65:20755)
    at /usr/share/code/resources/app/out/vs/workbench/services/extensions/node/extensionHostProcess.js:65:17641
    at fire (/usr/share/code/resources/app/out/vs/workbench/services/extensions/node/extensionHostProcess.js:57:1836)
    at acceptChunk (/usr/share/code/resources/app/out/vs/workbench/services/extensions/node/extensionHostProcess.js:65:12862)
    at /usr/share/code/resources/app/out/vs/workbench/services/extensions/node/extensionHostProcess.js:65:12210
    at Socket.v (/usr/share/code/resources/app/out/vs/workbench/services/extensions/node/extensionHostProcess.js:106:13195)
    at Socket.emit (events.js:315:20)
    at addChunk (internal/streams/readable.js:309:12)
    at readableAddChunk (internal/streams/readable.js:284:9)
    at Socket.Readable.push (internal/streams/readable.js:223:10)
    at Pipe.onStreamRead (internal/stream_base_commons.js:188:23)

[2021-06-09 17:02:37.898] [renderer1] [error] Illegal argument: line must be non-negative: Error: Illegal argument: line must be non-negative
    at C (/usr/share/code/resources/app/out/vs/workbench/services/extensions/node/extensionHostProcess.js:5:1232)
    at new E (/usr/share/code/resources/app/out/vs/workbench/services/extensions/node/extensionHostProcess.js:76:13933)
    at new E (/usr/share/code/resources/app/out/vs/workbench/services/extensions/node/extensionHostProcess.js:76:13328)
    at CodeActionProvider.getInitializeFromCtorCommand (/home/sebastiao/.vscode/extensions/jchannon.csharpextensions-1.3.1/out/src/codeActionProvider.js:166:61)
    at addInitalizeFromCtor (/home/sebastiao/.vscode/extensions/jchannon.csharpextensions-1.3.1/out/src/codeActionProvider.js:15:28)
    at CodeActionProvider.provideCodeActions (/home/sebastiao/.vscode/extensions/jchannon.csharpextensions-1.3.1/out/src/codeActionProvider.js:19:9)
    at /usr/share/code/resources/app/out/vs/workbench/services/extensions/node/extensionHostProcess.js:87:163540
    at /usr/share/code/resources/app/out/vs/workbench/services/extensions/node/extensionHostProcess.js:64:12043
    at new Promise (<anonymous>:null:null)
    at m (/usr/share/code/resources/app/out/vs/workbench/services/extensions/node/extensionHostProcess.js:64:12015)
    at R.provideCodeActions (/usr/share/code/resources/app/out/vs/workbench/services/extensions/node/extensionHostProcess.js:87:163520)
    at /usr/share/code/resources/app/out/vs/workbench/services/extensions/node/extensionHostProcess.js:87:186624
    at Ce._withAdapter (/usr/share/code/resources/app/out/vs/workbench/services/extensions/node/extensionHostProcess.js:87:180570)
    at Ce.$provideCodeActions (/usr/share/code/resources/app/out/vs/workbench/services/extensions/node/extensionHostProcess.js:87:186600)
    at l._doInvokeHandler (/usr/share/code/resources/app/out/vs/workbench/services/extensions/node/extensionHostProcess.js:91:12836)
    at l._invokeHandler (/usr/share/code/resources/app/out/vs/workbench/services/extensions/node/extensionHostProcess.js:91:12520)
    at l._receiveRequest (/usr/share/code/resources/app/out/vs/workbench/services/extensions/node/extensionHostProcess.js:91:11136)
    at l._receiveOneMessage (/usr/share/code/resources/app/out/vs/workbench/services/extensions/node/extensionHostProcess.js:91:9973)
    at /usr/share/code/resources/app/out/vs/workbench/services/extensions/node/extensionHostProcess.js:91:8074
    at fire (/usr/share/code/resources/app/out/vs/workbench/services/extensions/node/extensionHostProcess.js:57:1836)
    at S.fire (/usr/share/code/resources/app/out/vs/workbench/services/extensions/node/extensionHostProcess.js:65:15497)
    at /usr/share/code/resources/app/out/vs/workbench/services/extensions/node/extensionHostProcess.js:106:29764
    at fire (/usr/share/code/resources/app/out/vs/workbench/services/extensions/node/extensionHostProcess.js:57:1836)
    at S.fire (/usr/share/code/resources/app/out/vs/workbench/services/extensions/node/extensionHostProcess.js:65:15497)
    at t._receiveMessage (/usr/share/code/resources/app/out/vs/workbench/services/extensions/node/extensionHostProcess.js:65:20755)
    at /usr/share/code/resources/app/out/vs/workbench/services/extensions/node/extensionHostProcess.js:65:17641
    at fire (/usr/share/code/resources/app/out/vs/workbench/services/extensions/node/extensionHostProcess.js:57:1836)
    at acceptChunk (/usr/share/code/resources/app/out/vs/workbench/services/extensions/node/extensionHostProcess.js:65:12862)
    at /usr/share/code/resources/app/out/vs/workbench/services/extensions/node/extensionHostProcess.js:65:12210
    at Socket.v (/usr/share/code/resources/app/out/vs/workbench/services/extensions/node/extensionHostProcess.js:106:13195)
    at Socket.emit (events.js:315:20)
    at addChunk (internal/streams/readable.js:309:12)
    at readableAddChunk (internal/streams/readable.js:284:9)
    at Socket.Readable.push (internal/streams/readable.js:223:10)
    at Pipe.onStreamRead (internal/stream_base_commons.js:188:23)

