[2021-06-09 09:49:07.617] [sharedprocess] [error] [uncaught exception in sharedProcess]: The "path" argument must be of type string. Received type undefined: Error: The "path" argument must be of type string. Received type undefined
    at b (file:///usr/share/code/resources/app/out/vs/code/electron-browser/sharedProcess/sharedProcessMain.js:14:14135)
    at basename (file:///usr/share/code/resources/app/out/vs/code/electron-browser/sharedProcess/sharedProcessMain.js:14:22371)
    at n.groupImportantTipsByExe (file:///usr/share/code/resources/app/out/vs/code/electron-browser/sharedProcess/sharedProcessMain.js:47:5088)
    at n.collectTips (file:///usr/share/code/resources/app/out/vs/code/electron-browser/sharedProcess/sharedProcessMain.js:47:4567)
    at async file:///usr/share/code/resources/app/out/vs/code/electron-browser/sharedProcess/sharedProcessMain.js:47:3764
[2021-06-09 09:49:44.411] [sharedprocess] [info] Starting to clean up unused language packs.
[2021-06-09 11:03:42.953] [sharedprocess] [info] Installing extension: jchannon.csharpextensions
[2021-06-09 11:03:45.411] [sharedprocess] [info] Downloaded extension: jchannon.csharpextensions /home/sebastiao/.config/Code/CachedExtensionVSIXs/jchannon.csharpextensions-1.3.1
[2021-06-09 11:03:45.867] [sharedprocess] [info] Extracted extension to /home/sebastiao/.vscode/extensions/.a9028952-ff1d-44f5-bf2d-d9a211fc99de: jchannon.csharpextensions
[2021-06-09 11:03:45.882] [sharedprocess] [info] Renamed to /home/sebastiao/.vscode/extensions/jchannon.csharpextensions-1.3.1
[2021-06-09 11:03:45.888] [sharedprocess] [info] Installation completed. jchannon.csharpextensions
[2021-06-09 11:03:45.900] [sharedprocess] [info] Extensions installed successfully: jchannon.csharpextensions
[2021-06-09 11:08:23.606] [sharedprocess] [info] Installing extension: msjsdiag.debugger-for-chrome
[2021-06-09 11:08:26.229] [sharedprocess] [info] Downloaded extension: msjsdiag.debugger-for-chrome /home/sebastiao/.config/Code/CachedExtensionVSIXs/msjsdiag.debugger-for-chrome-4.12.12
[2021-06-09 11:08:27.787] [sharedprocess] [info] Extracted extension to /home/sebastiao/.vscode/extensions/.ec24db15-dc6d-464f-a09c-aed8890f2d30: msjsdiag.debugger-for-chrome
[2021-06-09 11:08:27.808] [sharedprocess] [info] Renamed to /home/sebastiao/.vscode/extensions/msjsdiag.debugger-for-chrome-4.12.12
[2021-06-09 11:08:27.812] [sharedprocess] [info] Installation completed. msjsdiag.debugger-for-chrome
[2021-06-09 11:08:27.820] [sharedprocess] [info] Extensions installed successfully: msjsdiag.debugger-for-chrome
[2021-06-09 11:08:30.406] [sharedprocess] [info] Installing extension: ms-vscode.powershell
[2021-06-09 11:08:44.702] [sharedprocess] [info] Downloaded extension: ms-vscode.powershell /home/sebastiao/.config/Code/CachedExtensionVSIXs/ms-vscode.powershell-2021.5.1
[2021-06-09 11:08:52.641] [sharedprocess] [info] Extracted extension to /home/sebastiao/.vscode/extensions/.e997c164-172c-427f-808e-ef6dd8503708: ms-vscode.powershell
[2021-06-09 11:08:52.678] [sharedprocess] [info] Renamed to /home/sebastiao/.vscode/extensions/ms-vscode.powershell-2021.5.1
[2021-06-09 11:08:52.682] [sharedprocess] [info] Installation completed. ms-vscode.powershell
[2021-06-09 11:08:52.861] [sharedprocess] [info] Extensions installed successfully: ms-vscode.powershell
